mode: set
github.com/jbowles/disfun/braycurtis.go:21.34,23.2 1 1
github.com/jbowles/disfun/braycurtis.go:25.67,31.26 5 1
github.com/jbowles/disfun/braycurtis.go:35.2,35.26 1 1
github.com/jbowles/disfun/braycurtis.go:41.2,42.8 2 1
github.com/jbowles/disfun/braycurtis.go:31.26,32.25 1 0
github.com/jbowles/disfun/braycurtis.go:35.26,36.27 1 1
github.com/jbowles/disfun/braycurtis.go:36.27,39.4 2 1
github.com/jbowles/disfun/disfun.go:8.52,10.2 1 1
github.com/jbowles/disfun/disfun.go:12.48,14.40 2 1
github.com/jbowles/disfun/disfun.go:17.2,17.52 1 1
github.com/jbowles/disfun/disfun.go:14.40,16.3 1 1
github.com/jbowles/disfun/euclidean.go:18.32,20.2 1 1
github.com/jbowles/disfun/euclidean.go:23.70,26.2 2 1
github.com/jbowles/disfun/euclidean.go:28.57,34.2 4 1
github.com/jbowles/disfun/haversine.go:27.31,27.57 1 1
github.com/jbowles/disfun/haversine.go:28.48,28.85 1 1
github.com/jbowles/disfun/haversine.go:30.74,43.2 9 1
github.com/jbowles/disfun/haversine.go:45.81,47.2 1 1
github.com/jbowles/disfun/haversine.go:49.62,51.2 1 1
github.com/jbowles/disfun/levenshtein.go:36.57,50.2 5 1
github.com/jbowles/disfun/levenshtein.go:52.52,55.35 1 1
github.com/jbowles/disfun/levenshtein.go:60.2,60.34 1 1
github.com/jbowles/disfun/levenshtein.go:64.2,64.35 1 1
github.com/jbowles/disfun/levenshtein.go:76.2,76.12 1 1
github.com/jbowles/disfun/levenshtein.go:55.35,57.3 1 1
github.com/jbowles/disfun/levenshtein.go:60.34,62.3 1 1
github.com/jbowles/disfun/levenshtein.go:64.35,65.35 1 1
github.com/jbowles/disfun/levenshtein.go:65.35,66.38 1 1
github.com/jbowles/disfun/levenshtein.go:66.38,68.5 1 1
github.com/jbowles/disfun/levenshtein.go:68.5,73.5 4 1
github.com/jbowles/disfun/levenshtein.go:79.44,82.2 2 1
github.com/jbowles/disfun/levenshtein.go:93.37,104.2 3 1
github.com/jbowles/disfun/levenshtein.go:106.46,108.2 1 1
github.com/jbowles/disfun/levenshtein.go:109.47,111.2 1 1
github.com/jbowles/disfun/levenshtein.go:112.50,114.2 1 1
github.com/jbowles/disfun/levenshtein.go:116.38,119.43 1 1
github.com/jbowles/disfun/levenshtein.go:124.2,124.43 1 1
github.com/jbowles/disfun/levenshtein.go:128.2,128.43 1 1
github.com/jbowles/disfun/levenshtein.go:140.2,140.47 1 1
github.com/jbowles/disfun/levenshtein.go:119.43,121.3 1 1
github.com/jbowles/disfun/levenshtein.go:124.43,126.3 1 1
github.com/jbowles/disfun/levenshtein.go:128.43,129.44 1 1
github.com/jbowles/disfun/levenshtein.go:129.44,130.34 1 1
github.com/jbowles/disfun/levenshtein.go:130.34,132.5 1 1
github.com/jbowles/disfun/levenshtein.go:132.5,137.5 1 1
github.com/jbowles/disfun/levenshtein.go:143.29,150.29 5 1
github.com/jbowles/disfun/levenshtein.go:155.2,155.29 1 1
github.com/jbowles/disfun/levenshtein.go:159.2,159.29 1 1
github.com/jbowles/disfun/levenshtein.go:171.2,171.24 1 1
github.com/jbowles/disfun/levenshtein.go:150.29,152.3 1 1
github.com/jbowles/disfun/levenshtein.go:155.29,157.3 1 1
github.com/jbowles/disfun/levenshtein.go:159.29,160.30 1 1
github.com/jbowles/disfun/levenshtein.go:160.30,161.24 1 1
github.com/jbowles/disfun/levenshtein.go:161.24,163.5 1 1
github.com/jbowles/disfun/levenshtein.go:163.5,168.5 4 1
github.com/jbowles/disfun/manhattan.go:19.32,21.2 1 1
github.com/jbowles/disfun/manhattan.go:23.66,26.26 3 1
github.com/jbowles/disfun/manhattan.go:30.2,30.26 1 1
github.com/jbowles/disfun/manhattan.go:36.2,36.8 1 1
github.com/jbowles/disfun/manhattan.go:26.26,27.25 1 0
github.com/jbowles/disfun/manhattan.go:30.26,31.27 1 1
github.com/jbowles/disfun/manhattan.go:31.27,33.4 1 1
github.com/jbowles/disfun/manhattan.go:41.60,44.26 3 0
github.com/jbowles/disfun/manhattan.go:48.2,48.26 1 0
github.com/jbowles/disfun/manhattan.go:54.2,54.8 1 0
github.com/jbowles/disfun/manhattan.go:44.26,45.25 1 0
github.com/jbowles/disfun/manhattan.go:48.26,49.27 1 0
github.com/jbowles/disfun/manhattan.go:49.27,51.4 1 0
github.com/jbowles/disfun/min_max.go:8.39,10.22 2 1
github.com/jbowles/disfun/min_max.go:15.2,15.12 1 1
github.com/jbowles/disfun/min_max.go:10.22,11.14 1 1
github.com/jbowles/disfun/min_max.go:11.14,13.4 1 1
github.com/jbowles/disfun/min_max.go:18.29,20.22 2 1
github.com/jbowles/disfun/min_max.go:25.2,25.12 1 1
github.com/jbowles/disfun/min_max.go:20.22,21.14 1 1
github.com/jbowles/disfun/min_max.go:21.14,23.4 1 1
github.com/jbowles/disfun/min_max.go:28.29,30.22 2 0
github.com/jbowles/disfun/min_max.go:35.2,35.12 1 0
github.com/jbowles/disfun/min_max.go:30.22,31.14 1 0
github.com/jbowles/disfun/min_max.go:31.14,33.4 1 0
github.com/jbowles/disfun/ngram.go:15.44,25.2 3 1
github.com/jbowles/disfun/ngram.go:27.46,29.2 1 1
github.com/jbowles/disfun/ngram.go:31.25,32.47 1 1
github.com/jbowles/disfun/ngram.go:35.2,35.47 1 1
github.com/jbowles/disfun/ngram.go:32.47,34.3 1 1
github.com/jbowles/disfun/ngram.go:35.47,37.3 1 1
github.com/jbowles/disfun/ngram.go:40.38,43.2 2 1
