mode: set
github.com/jbowles/disfun/levenshtein.go:28.57,42.2 5 1
github.com/jbowles/disfun/levenshtein.go:44.52,47.35 1 1
github.com/jbowles/disfun/levenshtein.go:52.2,52.34 1 1
github.com/jbowles/disfun/levenshtein.go:56.2,56.35 1 1
github.com/jbowles/disfun/levenshtein.go:68.2,68.12 1 1
github.com/jbowles/disfun/levenshtein.go:47.35,49.3 1 1
github.com/jbowles/disfun/levenshtein.go:52.34,54.3 1 1
github.com/jbowles/disfun/levenshtein.go:56.35,57.35 1 1
github.com/jbowles/disfun/levenshtein.go:57.35,58.38 1 1
github.com/jbowles/disfun/levenshtein.go:58.38,60.5 1 1
github.com/jbowles/disfun/levenshtein.go:60.5,65.5 4 1
github.com/jbowles/disfun/levenshtein.go:71.44,74.2 2 1
github.com/jbowles/disfun/levenshtein.go:90.37,101.2 3 1
github.com/jbowles/disfun/levenshtein.go:103.46,105.2 1 1
github.com/jbowles/disfun/levenshtein.go:106.47,108.2 1 1
github.com/jbowles/disfun/levenshtein.go:109.50,111.2 1 1
github.com/jbowles/disfun/levenshtein.go:113.38,116.43 1 1
github.com/jbowles/disfun/levenshtein.go:121.2,121.43 1 1
github.com/jbowles/disfun/levenshtein.go:125.2,125.43 1 1
github.com/jbowles/disfun/levenshtein.go:137.2,137.47 1 1
github.com/jbowles/disfun/levenshtein.go:116.43,118.3 1 1
github.com/jbowles/disfun/levenshtein.go:121.43,123.3 1 1
github.com/jbowles/disfun/levenshtein.go:125.43,126.44 1 1
github.com/jbowles/disfun/levenshtein.go:126.44,127.34 1 1
github.com/jbowles/disfun/levenshtein.go:127.34,129.5 1 1
github.com/jbowles/disfun/levenshtein.go:129.5,134.5 1 1
github.com/jbowles/disfun/levenshtein.go:145.29,152.29 5 1
github.com/jbowles/disfun/levenshtein.go:157.2,157.29 1 1
github.com/jbowles/disfun/levenshtein.go:161.2,161.29 1 1
github.com/jbowles/disfun/levenshtein.go:173.2,173.24 1 1
github.com/jbowles/disfun/levenshtein.go:152.29,154.3 1 1
github.com/jbowles/disfun/levenshtein.go:157.29,159.3 1 1
github.com/jbowles/disfun/levenshtein.go:161.29,162.30 1 1
github.com/jbowles/disfun/levenshtein.go:162.30,163.24 1 1
github.com/jbowles/disfun/levenshtein.go:163.24,165.5 1 1
github.com/jbowles/disfun/levenshtein.go:165.5,170.5 4 1
github.com/jbowles/disfun/levenshtein.go:180.52,195.27 11 1
github.com/jbowles/disfun/levenshtein.go:199.2,199.27 1 1
github.com/jbowles/disfun/levenshtein.go:203.2,203.27 1 1
github.com/jbowles/disfun/levenshtein.go:217.2,219.8 2 1
github.com/jbowles/disfun/levenshtein.go:195.27,197.3 1 1
github.com/jbowles/disfun/levenshtein.go:199.27,201.3 1 1
github.com/jbowles/disfun/levenshtein.go:203.27,204.28 1 1
github.com/jbowles/disfun/levenshtein.go:204.28,205.26 1 1
github.com/jbowles/disfun/levenshtein.go:205.26,207.5 1 1
github.com/jbowles/disfun/levenshtein.go:207.5,213.5 4 1
github.com/jbowles/disfun/manhattan.go:17.52,20.26 3 1
github.com/jbowles/disfun/manhattan.go:24.2,24.26 1 1
github.com/jbowles/disfun/manhattan.go:30.2,30.8 1 1
github.com/jbowles/disfun/manhattan.go:20.26,21.25 1 0
github.com/jbowles/disfun/manhattan.go:24.26,25.27 1 1
github.com/jbowles/disfun/manhattan.go:25.27,27.4 1 1
github.com/jbowles/disfun/metaphone.go:24.81,27.2 2 1
github.com/jbowles/disfun/metaphone.go:29.53,30.14 1 1
github.com/jbowles/disfun/metaphone.go:35.2,35.33 1 1
github.com/jbowles/disfun/metaphone.go:30.14,33.3 2 1
github.com/jbowles/disfun/metaphone.go:35.33,38.3 2 1
github.com/jbowles/disfun/metaphone.go:41.45,43.2 1 1
github.com/jbowles/disfun/metaphone.go:45.71,47.32 2 1
github.com/jbowles/disfun/metaphone.go:50.2,51.34 2 1
github.com/jbowles/disfun/metaphone.go:54.2,54.8 1 1
github.com/jbowles/disfun/metaphone.go:47.32,49.3 1 1
github.com/jbowles/disfun/metaphone.go:51.34,53.3 1 1
github.com/jbowles/disfun/metaphone.go:58.41,61.2 1 1
github.com/jbowles/disfun/metaphone.go:63.43,68.40 3 1
github.com/jbowles/disfun/metaphone.go:74.2,74.14 1 1
github.com/jbowles/disfun/metaphone.go:68.40,69.25 1 1
github.com/jbowles/disfun/metaphone.go:69.25,71.4 1 1
github.com/jbowles/disfun/metaphone.go:77.58,78.16 1 1
github.com/jbowles/disfun/metaphone.go:82.2,82.18 1 1
github.com/jbowles/disfun/metaphone.go:78.16,80.3 1 1
github.com/jbowles/disfun/metaphone.go:88.72,89.31 1 1
github.com/jbowles/disfun/metaphone.go:140.2,140.14 1 1
github.com/jbowles/disfun/metaphone.go:89.31,92.3 2 1
github.com/jbowles/disfun/metaphone.go:92.3,92.61 1 1
github.com/jbowles/disfun/metaphone.go:92.61,95.3 2 1
github.com/jbowles/disfun/metaphone.go:95.3,95.43 1 1
github.com/jbowles/disfun/metaphone.go:95.43,97.3 1 1
github.com/jbowles/disfun/metaphone.go:97.3,98.39 1 1
github.com/jbowles/disfun/metaphone.go:98.39,101.3 2 1
github.com/jbowles/disfun/metaphone.go:101.3,101.46 1 1
github.com/jbowles/disfun/metaphone.go:101.46,104.3 2 1
github.com/jbowles/disfun/metaphone.go:104.3,105.43 1 1
github.com/jbowles/disfun/metaphone.go:105.43,107.3 1 1
github.com/jbowles/disfun/metaphone.go:107.3,109.34 1 1
github.com/jbowles/disfun/metaphone.go:109.34,112.3 2 1
github.com/jbowles/disfun/metaphone.go:112.3,114.34 1 1
github.com/jbowles/disfun/metaphone.go:114.34,117.36 1 1
github.com/jbowles/disfun/metaphone.go:122.3,122.13 1 1
github.com/jbowles/disfun/metaphone.go:117.36,119.4 1 1
github.com/jbowles/disfun/metaphone.go:119.4,121.4 1 1
github.com/jbowles/disfun/metaphone.go:123.3,127.37 2 1
github.com/jbowles/disfun/metaphone.go:127.37,129.4 1 0
github.com/jbowles/disfun/metaphone.go:129.4,133.39 1 1
github.com/jbowles/disfun/metaphone.go:133.39,135.4 1 1
github.com/jbowles/disfun/metaphone.go:135.4,137.4 1 1
github.com/jbowles/disfun/metaphone.go:143.73,145.37 1 1
github.com/jbowles/disfun/metaphone.go:157.2,157.14 1 1
github.com/jbowles/disfun/metaphone.go:145.37,147.51 1 1
github.com/jbowles/disfun/metaphone.go:152.3,152.13 1 1
github.com/jbowles/disfun/metaphone.go:147.51,149.4 1 1
github.com/jbowles/disfun/metaphone.go:149.4,151.4 1 1
github.com/jbowles/disfun/metaphone.go:153.3,156.3 2 1
github.com/jbowles/disfun/metaphone.go:160.73,161.51 1 1
github.com/jbowles/disfun/metaphone.go:161.51,164.3 2 1
github.com/jbowles/disfun/metaphone.go:164.3,164.39 1 1
github.com/jbowles/disfun/metaphone.go:164.39,168.3 2 1
github.com/jbowles/disfun/metaphone.go:168.3,168.39 1 1
github.com/jbowles/disfun/metaphone.go:168.39,171.3 2 1
github.com/jbowles/disfun/metaphone.go:171.3,172.16 1 1
github.com/jbowles/disfun/metaphone.go:181.3,181.19 1 1
github.com/jbowles/disfun/metaphone.go:172.16,173.34 1 1
github.com/jbowles/disfun/metaphone.go:173.34,175.5 1 0
github.com/jbowles/disfun/metaphone.go:175.5,177.5 1 1
github.com/jbowles/disfun/metaphone.go:178.4,180.4 1 1
github.com/jbowles/disfun/metaphone.go:185.72,186.36 1 1
github.com/jbowles/disfun/metaphone.go:201.2,201.14 1 1
github.com/jbowles/disfun/metaphone.go:186.36,187.48 1 1
github.com/jbowles/disfun/metaphone.go:187.48,190.4 2 1
github.com/jbowles/disfun/metaphone.go:190.4,193.4 2 1
github.com/jbowles/disfun/metaphone.go:194.3,194.49 1 1
github.com/jbowles/disfun/metaphone.go:194.49,197.3 2 1
github.com/jbowles/disfun/metaphone.go:197.3,200.3 2 1
github.com/jbowles/disfun/metaphone.go:204.92,205.34 1 1
github.com/jbowles/disfun/metaphone.go:249.2,249.14 1 1
github.com/jbowles/disfun/metaphone.go:205.34,207.3 1 1
github.com/jbowles/disfun/metaphone.go:207.3,207.41 1 1
github.com/jbowles/disfun/metaphone.go:207.41,208.63 1 1
github.com/jbowles/disfun/metaphone.go:215.3,215.13 1 1
github.com/jbowles/disfun/metaphone.go:208.63,210.4 1 1
github.com/jbowles/disfun/metaphone.go:210.4,210.97 1 1
github.com/jbowles/disfun/metaphone.go:210.97,212.4 1 1
github.com/jbowles/disfun/metaphone.go:212.4,214.4 1 1
github.com/jbowles/disfun/metaphone.go:216.3,216.63 1 1
github.com/jbowles/disfun/metaphone.go:216.63,219.3 2 1
github.com/jbowles/disfun/metaphone.go:219.3,220.97 1 1
github.com/jbowles/disfun/metaphone.go:220.97,223.3 2 1
github.com/jbowles/disfun/metaphone.go:223.3,227.45 1 1
github.com/jbowles/disfun/metaphone.go:227.45,230.3 2 1
github.com/jbowles/disfun/metaphone.go:230.3,231.46 1 1
github.com/jbowles/disfun/metaphone.go:231.46,234.37 1 1
github.com/jbowles/disfun/metaphone.go:241.3,241.13 1 1
github.com/jbowles/disfun/metaphone.go:234.37,236.4 1 1
github.com/jbowles/disfun/metaphone.go:236.4,236.47 1 1
github.com/jbowles/disfun/metaphone.go:236.47,238.4 1 1
github.com/jbowles/disfun/metaphone.go:238.4,240.4 1 1
github.com/jbowles/disfun/metaphone.go:242.3,242.41 1 1
github.com/jbowles/disfun/metaphone.go:242.41,245.3 2 1
github.com/jbowles/disfun/metaphone.go:245.3,248.3 2 1
github.com/jbowles/disfun/metaphone.go:252.73,253.50 1 1
github.com/jbowles/disfun/metaphone.go:276.2,276.14 1 1
github.com/jbowles/disfun/metaphone.go:253.50,256.3 2 1
github.com/jbowles/disfun/metaphone.go:256.3,256.23 1 1
github.com/jbowles/disfun/metaphone.go:256.23,257.35 1 1
github.com/jbowles/disfun/metaphone.go:262.3,262.13 1 1
github.com/jbowles/disfun/metaphone.go:257.35,259.4 1 1
github.com/jbowles/disfun/metaphone.go:259.4,261.4 1 1
github.com/jbowles/disfun/metaphone.go:263.3,265.55 1 1
github.com/jbowles/disfun/metaphone.go:265.55,267.3 1 1
github.com/jbowles/disfun/metaphone.go:267.3,269.56 1 1
github.com/jbowles/disfun/metaphone.go:274.3,274.13 1 1
github.com/jbowles/disfun/metaphone.go:269.56,271.4 1 1
github.com/jbowles/disfun/metaphone.go:271.4,271.55 1 1
github.com/jbowles/disfun/metaphone.go:271.55,273.4 1 1
github.com/jbowles/disfun/metaphone.go:279.72,281.34 1 1
github.com/jbowles/disfun/metaphone.go:287.2,287.14 1 1
github.com/jbowles/disfun/metaphone.go:281.34,284.3 2 1
github.com/jbowles/disfun/metaphone.go:284.3,286.3 1 1
github.com/jbowles/disfun/metaphone.go:290.92,291.70 1 1
github.com/jbowles/disfun/metaphone.go:319.2,319.14 1 1
github.com/jbowles/disfun/metaphone.go:291.70,293.53 1 1
github.com/jbowles/disfun/metaphone.go:298.3,298.10 1 1
github.com/jbowles/disfun/metaphone.go:293.53,295.4 1 1
github.com/jbowles/disfun/metaphone.go:295.4,297.4 1 1
github.com/jbowles/disfun/metaphone.go:299.3,300.54 1 1
github.com/jbowles/disfun/metaphone.go:313.3,313.35 1 1
github.com/jbowles/disfun/metaphone.go:300.54,302.4 1 1
github.com/jbowles/disfun/metaphone.go:302.4,303.67 1 1
github.com/jbowles/disfun/metaphone.go:303.67,305.4 1 1
github.com/jbowles/disfun/metaphone.go:305.4,305.39 1 1
github.com/jbowles/disfun/metaphone.go:305.39,307.4 1 1
github.com/jbowles/disfun/metaphone.go:307.4,309.47 1 1
github.com/jbowles/disfun/metaphone.go:309.47,311.4 1 1
github.com/jbowles/disfun/metaphone.go:313.35,315.4 1 1
github.com/jbowles/disfun/metaphone.go:315.4,317.4 1 1
github.com/jbowles/disfun/metaphone.go:322.72,323.34 1 1
github.com/jbowles/disfun/metaphone.go:334.2,334.14 1 1
github.com/jbowles/disfun/metaphone.go:323.34,324.32 1 1
github.com/jbowles/disfun/metaphone.go:329.3,329.13 1 1
github.com/jbowles/disfun/metaphone.go:324.32,326.4 1 1
github.com/jbowles/disfun/metaphone.go:326.4,328.4 1 1
github.com/jbowles/disfun/metaphone.go:330.3,333.3 2 1
github.com/jbowles/disfun/metaphone.go:337.72,338.34 1 1
github.com/jbowles/disfun/metaphone.go:349.2,349.14 1 1
github.com/jbowles/disfun/metaphone.go:338.34,341.3 2 1
github.com/jbowles/disfun/metaphone.go:341.3,343.43 2 1
github.com/jbowles/disfun/metaphone.go:343.43,345.4 1 1
github.com/jbowles/disfun/metaphone.go:345.4,347.4 1 1
github.com/jbowles/disfun/metaphone.go:352.92,355.43 1 1
github.com/jbowles/disfun/metaphone.go:361.2,361.34 1 1
github.com/jbowles/disfun/metaphone.go:366.2,366.14 1 1
github.com/jbowles/disfun/metaphone.go:355.43,357.3 1 1
github.com/jbowles/disfun/metaphone.go:357.3,359.3 1 1
github.com/jbowles/disfun/metaphone.go:361.34,363.3 1 1
github.com/jbowles/disfun/metaphone.go:363.3,365.3 1 1
github.com/jbowles/disfun/metaphone.go:369.92,370.46 1 1
github.com/jbowles/disfun/metaphone.go:414.2,414.14 1 1
github.com/jbowles/disfun/metaphone.go:370.46,372.3 1 1
github.com/jbowles/disfun/metaphone.go:372.3,372.60 1 1
github.com/jbowles/disfun/metaphone.go:372.60,375.3 2 1
github.com/jbowles/disfun/metaphone.go:375.3,375.43 1 1
github.com/jbowles/disfun/metaphone.go:375.43,376.65 1 1
github.com/jbowles/disfun/metaphone.go:381.3,381.13 1 1
github.com/jbowles/disfun/metaphone.go:376.65,378.4 1 1
github.com/jbowles/disfun/metaphone.go:378.4,380.4 1 1
github.com/jbowles/disfun/metaphone.go:382.3,383.36 1 1
github.com/jbowles/disfun/metaphone.go:383.36,384.20 1 1
github.com/jbowles/disfun/metaphone.go:389.3,389.13 1 1
github.com/jbowles/disfun/metaphone.go:384.20,386.4 1 1
github.com/jbowles/disfun/metaphone.go:386.4,388.4 1 1
github.com/jbowles/disfun/metaphone.go:390.3,391.35 1 1
github.com/jbowles/disfun/metaphone.go:391.35,393.38 2 1
github.com/jbowles/disfun/metaphone.go:393.38,395.4 1 1
github.com/jbowles/disfun/metaphone.go:395.4,397.4 1 1
github.com/jbowles/disfun/metaphone.go:398.3,398.43 1 1
github.com/jbowles/disfun/metaphone.go:398.43,400.3 1 1
github.com/jbowles/disfun/metaphone.go:400.3,402.43 1 1
github.com/jbowles/disfun/metaphone.go:408.3,408.43 1 1
github.com/jbowles/disfun/metaphone.go:402.43,404.4 1 1
github.com/jbowles/disfun/metaphone.go:404.4,406.4 1 1
github.com/jbowles/disfun/metaphone.go:408.43,410.4 1 1
github.com/jbowles/disfun/metaphone.go:410.4,412.4 1 1
github.com/jbowles/disfun/metaphone.go:417.73,418.34 1 1
github.com/jbowles/disfun/metaphone.go:437.2,439.14 2 1
github.com/jbowles/disfun/metaphone.go:418.34,419.69 1 1
github.com/jbowles/disfun/metaphone.go:419.69,420.46 1 1
github.com/jbowles/disfun/metaphone.go:420.46,422.5 1 1
github.com/jbowles/disfun/metaphone.go:422.5,424.5 1 1
github.com/jbowles/disfun/metaphone.go:425.4,426.73 1 1
github.com/jbowles/disfun/metaphone.go:426.73,428.5 1 1
github.com/jbowles/disfun/metaphone.go:428.5,430.5 1 1
github.com/jbowles/disfun/metaphone.go:432.3,432.54 1 1
github.com/jbowles/disfun/metaphone.go:432.54,434.3 1 1
github.com/jbowles/disfun/metaphone.go:434.3,436.3 1 1
github.com/jbowles/disfun/metaphone.go:442.72,443.38 1 1
github.com/jbowles/disfun/metaphone.go:466.2,466.14 1 1
github.com/jbowles/disfun/metaphone.go:443.38,446.3 2 1
github.com/jbowles/disfun/metaphone.go:446.3,446.51 1 1
github.com/jbowles/disfun/metaphone.go:446.51,449.3 2 1
github.com/jbowles/disfun/metaphone.go:449.3,449.78 1 1
github.com/jbowles/disfun/metaphone.go:449.78,452.32 1 1
github.com/jbowles/disfun/metaphone.go:457.3,457.13 1 1
github.com/jbowles/disfun/metaphone.go:452.32,454.4 1 1
github.com/jbowles/disfun/metaphone.go:454.4,456.4 1 1
github.com/jbowles/disfun/metaphone.go:458.3,460.43 2 1
github.com/jbowles/disfun/metaphone.go:460.43,462.4 1 1
github.com/jbowles/disfun/metaphone.go:462.4,464.4 1 1
github.com/jbowles/disfun/metaphone.go:469.72,470.36 1 1
github.com/jbowles/disfun/metaphone.go:494.2,494.14 1 1
github.com/jbowles/disfun/metaphone.go:470.36,473.3 2 1
github.com/jbowles/disfun/metaphone.go:473.3,475.36 1 1
github.com/jbowles/disfun/metaphone.go:475.36,476.40 1 1
github.com/jbowles/disfun/metaphone.go:481.4,481.11 1 1
github.com/jbowles/disfun/metaphone.go:476.40,478.5 1 1
github.com/jbowles/disfun/metaphone.go:478.5,480.5 1 1
github.com/jbowles/disfun/metaphone.go:482.4,484.32 1 1
github.com/jbowles/disfun/metaphone.go:484.32,487.4 2 1
github.com/jbowles/disfun/metaphone.go:487.4,487.54 1 1
github.com/jbowles/disfun/metaphone.go:487.54,490.4 2 1
github.com/jbowles/disfun/metaphone.go:490.4,492.4 1 1
github.com/jbowles/disfun/metaphone.go:497.72,498.16 1 1
github.com/jbowles/disfun/metaphone.go:514.2,514.14 1 1
github.com/jbowles/disfun/metaphone.go:498.16,501.3 2 1
github.com/jbowles/disfun/metaphone.go:501.3,504.46 1 1
github.com/jbowles/disfun/metaphone.go:508.3,508.43 1 1
github.com/jbowles/disfun/metaphone.go:504.46,506.4 1 1
github.com/jbowles/disfun/metaphone.go:508.43,510.4 1 1
github.com/jbowles/disfun/metaphone.go:510.4,512.4 1 1
github.com/jbowles/disfun/metaphone.go:517.92,518.34 1 1
github.com/jbowles/disfun/metaphone.go:529.2,529.34 1 1
github.com/jbowles/disfun/metaphone.go:534.2,534.14 1 1
github.com/jbowles/disfun/metaphone.go:518.34,520.3 1 1
github.com/jbowles/disfun/metaphone.go:520.3,522.67 1 1
github.com/jbowles/disfun/metaphone.go:522.67,524.4 1 1
github.com/jbowles/disfun/metaphone.go:524.4,526.4 1 1
github.com/jbowles/disfun/metaphone.go:529.34,531.3 1 1
github.com/jbowles/disfun/metaphone.go:531.3,533.3 1 1
github.com/jbowles/disfun/metaphone.go:540.52,541.38 1 1
github.com/jbowles/disfun/metaphone.go:541.38,543.3 1 1
github.com/jbowles/disfun/metaphone.go:543.3,543.23 1 1
github.com/jbowles/disfun/metaphone.go:543.23,545.3 1 1
github.com/jbowles/disfun/metaphone.go:545.3,545.45 1 1
github.com/jbowles/disfun/metaphone.go:545.45,547.3 1 1
github.com/jbowles/disfun/metaphone.go:547.3,547.47 1 1
github.com/jbowles/disfun/metaphone.go:547.47,549.3 1 1
github.com/jbowles/disfun/metaphone.go:549.3,554.3 2 1
github.com/jbowles/disfun/metaphone.go:557.53,558.16 1 1
github.com/jbowles/disfun/metaphone.go:558.16,560.3 1 1
github.com/jbowles/disfun/metaphone.go:560.3,561.59 1 1
github.com/jbowles/disfun/metaphone.go:561.59,563.3 1 1
github.com/jbowles/disfun/metaphone.go:563.3,563.42 1 1
github.com/jbowles/disfun/metaphone.go:563.42,565.3 1 1
github.com/jbowles/disfun/metaphone.go:565.3,567.3 1 1
github.com/jbowles/disfun/metaphone.go:570.53,578.2 1 1
github.com/jbowles/disfun/metaphone.go:580.52,582.54 1 1
github.com/jbowles/disfun/metaphone.go:582.54,584.3 1 1
github.com/jbowles/disfun/metaphone.go:584.3,586.40 1 1
github.com/jbowles/disfun/metaphone.go:586.40,588.3 1 1
github.com/jbowles/disfun/metaphone.go:588.3,590.3 1 1
github.com/jbowles/disfun/metaphone.go:593.52,594.34 1 1
github.com/jbowles/disfun/metaphone.go:598.2,600.37 1 1
github.com/jbowles/disfun/metaphone.go:594.34,596.3 1 1
github.com/jbowles/disfun/metaphone.go:610.50,622.26 5 1
github.com/jbowles/disfun/metaphone.go:626.2,628.52 2 1
github.com/jbowles/disfun/metaphone.go:720.2,720.24 1 1
github.com/jbowles/disfun/metaphone.go:622.26,624.3 1 1
github.com/jbowles/disfun/metaphone.go:628.52,630.12 2 1
github.com/jbowles/disfun/metaphone.go:631.3,632.38 1 1
github.com/jbowles/disfun/metaphone.go:633.3,635.36 2 1
github.com/jbowles/disfun/metaphone.go:640.3,642.11 2 0
github.com/jbowles/disfun/metaphone.go:643.3,644.41 1 1
github.com/jbowles/disfun/metaphone.go:645.3,646.41 1 1
github.com/jbowles/disfun/metaphone.go:647.3,649.36 2 1
github.com/jbowles/disfun/metaphone.go:654.3,655.56 1 1
github.com/jbowles/disfun/metaphone.go:656.3,657.41 1 1
github.com/jbowles/disfun/metaphone.go:658.3,659.56 1 1
github.com/jbowles/disfun/metaphone.go:660.3,662.36 2 1
github.com/jbowles/disfun/metaphone.go:667.3,668.41 1 1
github.com/jbowles/disfun/metaphone.go:669.3,671.33 2 1
github.com/jbowles/disfun/metaphone.go:676.3,678.36 2 1
github.com/jbowles/disfun/metaphone.go:683.3,685.11 2 0
github.com/jbowles/disfun/metaphone.go:686.3,687.41 1 1
github.com/jbowles/disfun/metaphone.go:688.3,690.36 2 1
github.com/jbowles/disfun/metaphone.go:695.3,696.56 1 1
github.com/jbowles/disfun/metaphone.go:697.3,698.56 1 1
github.com/jbowles/disfun/metaphone.go:699.3,700.41 1 1
github.com/jbowles/disfun/metaphone.go:701.3,703.36 2 1
github.com/jbowles/disfun/metaphone.go:708.3,709.41 1 1
github.com/jbowles/disfun/metaphone.go:710.3,711.41 1 1
github.com/jbowles/disfun/metaphone.go:712.3,713.56 1 1
github.com/jbowles/disfun/metaphone.go:714.3,715.11 1 1
github.com/jbowles/disfun/metaphone.go:635.36,637.5 1 1
github.com/jbowles/disfun/metaphone.go:637.5,639.5 1 1
github.com/jbowles/disfun/metaphone.go:649.36,651.5 1 1
github.com/jbowles/disfun/metaphone.go:651.5,653.5 1 1
github.com/jbowles/disfun/metaphone.go:662.36,664.5 1 1
github.com/jbowles/disfun/metaphone.go:664.5,666.5 1 1
github.com/jbowles/disfun/metaphone.go:671.33,673.5 1 1
github.com/jbowles/disfun/metaphone.go:673.5,675.5 1 1
github.com/jbowles/disfun/metaphone.go:678.36,680.5 1 1
github.com/jbowles/disfun/metaphone.go:680.5,682.5 1 1
github.com/jbowles/disfun/metaphone.go:690.36,692.5 1 1
github.com/jbowles/disfun/metaphone.go:692.5,694.5 1 1
github.com/jbowles/disfun/metaphone.go:703.36,705.5 1 1
github.com/jbowles/disfun/metaphone.go:705.5,707.5 1 1
github.com/jbowles/disfun/ngram.go:23.44,33.2 3 1
github.com/jbowles/disfun/ngram.go:36.46,38.2 1 1
github.com/jbowles/disfun/ngram.go:41.25,42.47 1 1
github.com/jbowles/disfun/ngram.go:45.2,45.47 1 1
github.com/jbowles/disfun/ngram.go:42.47,44.3 1 1
github.com/jbowles/disfun/ngram.go:45.47,47.3 1 1
github.com/jbowles/disfun/ngram.go:51.38,54.2 2 1
github.com/jbowles/disfun/nysiis.go:5.31,6.18 1 1
github.com/jbowles/disfun/nysiis.go:10.2,18.28 4 1
github.com/jbowles/disfun/nysiis.go:25.2,25.18 1 1
github.com/jbowles/disfun/nysiis.go:57.2,57.43 1 1
github.com/jbowles/disfun/nysiis.go:69.2,72.34 3 1
github.com/jbowles/disfun/nysiis.go:135.2,135.21 1 1
github.com/jbowles/disfun/nysiis.go:152.2,152.21 1 1
github.com/jbowles/disfun/nysiis.go:6.18,8.3 1 0
github.com/jbowles/disfun/nysiis.go:18.28,19.25 1 1
github.com/jbowles/disfun/nysiis.go:19.25,21.4 1 1
github.com/jbowles/disfun/nysiis.go:26.2,27.38 1 1
github.com/jbowles/disfun/nysiis.go:31.2,32.37 1 1
github.com/jbowles/disfun/nysiis.go:39.2,41.18 2 0
github.com/jbowles/disfun/nysiis.go:49.2,50.38 1 1
github.com/jbowles/disfun/nysiis.go:27.38,30.4 1 1
github.com/jbowles/disfun/nysiis.go:32.37,35.4 1 1
github.com/jbowles/disfun/nysiis.go:35.4,38.4 1 0
github.com/jbowles/disfun/nysiis.go:41.18,45.4 2 0
github.com/jbowles/disfun/nysiis.go:45.4,45.25 1 0
github.com/jbowles/disfun/nysiis.go:45.25,48.4 1 0
github.com/jbowles/disfun/nysiis.go:50.38,53.4 2 0
github.com/jbowles/disfun/nysiis.go:58.2,61.28 2 1
github.com/jbowles/disfun/nysiis.go:62.2,65.28 2 0
github.com/jbowles/disfun/nysiis.go:72.34,74.12 2 1
github.com/jbowles/disfun/nysiis.go:127.3,127.40 1 1
github.com/jbowles/disfun/nysiis.go:130.3,130.18 1 1
github.com/jbowles/disfun/nysiis.go:75.3,77.18 1 1
github.com/jbowles/disfun/nysiis.go:78.3,80.32 1 1
github.com/jbowles/disfun/nysiis.go:83.4,83.18 1 1
github.com/jbowles/disfun/nysiis.go:84.3,86.18 1 0
github.com/jbowles/disfun/nysiis.go:87.3,89.18 1 1
github.com/jbowles/disfun/nysiis.go:90.3,92.18 1 1
github.com/jbowles/disfun/nysiis.go:93.3,95.32 1 1
github.com/jbowles/disfun/nysiis.go:100.3,102.39 1 1
github.com/jbowles/disfun/nysiis.go:106.3,108.32 1 1
github.com/jbowles/disfun/nysiis.go:112.3,117.46 3 1
github.com/jbowles/disfun/nysiis.go:120.3,122.24 2 1
github.com/jbowles/disfun/nysiis.go:80.32,82.5 1 0
github.com/jbowles/disfun/nysiis.go:95.32,97.5 1 0
github.com/jbowles/disfun/nysiis.go:97.5,99.5 1 1
github.com/jbowles/disfun/nysiis.go:102.39,105.5 2 0
github.com/jbowles/disfun/nysiis.go:108.32,111.5 2 0
github.com/jbowles/disfun/nysiis.go:117.46,119.5 1 1
github.com/jbowles/disfun/nysiis.go:122.24,124.5 1 1
github.com/jbowles/disfun/nysiis.go:127.40,129.4 1 1
github.com/jbowles/disfun/nysiis.go:135.21,137.42 1 1
github.com/jbowles/disfun/nysiis.go:142.3,142.69 1 1
github.com/jbowles/disfun/nysiis.go:147.3,147.42 1 1
github.com/jbowles/disfun/nysiis.go:137.42,139.4 1 1
github.com/jbowles/disfun/nysiis.go:142.69,144.4 1 0
github.com/jbowles/disfun/nysiis.go:147.42,149.4 1 1
github.com/jbowles/disfun/nysiis.go:152.21,154.3 1 1
github.com/jbowles/disfun/nysiis.go:154.3,156.3 1 1
github.com/jbowles/disfun/util.go:44.23,46.2 1 1
github.com/jbowles/disfun/util.go:54.41,55.39 1 0
github.com/jbowles/disfun/util.go:59.2,60.11 2 0
github.com/jbowles/disfun/util.go:65.2,70.17 5 0
github.com/jbowles/disfun/util.go:76.2,76.29 1 0
github.com/jbowles/disfun/util.go:55.39,57.3 1 0
github.com/jbowles/disfun/util.go:60.11,63.3 2 0
github.com/jbowles/disfun/util.go:70.17,72.3 1 0
github.com/jbowles/disfun/util.go:72.3,74.3 1 0
github.com/jbowles/disfun/util.go:95.78,97.29 2 0
github.com/jbowles/disfun/util.go:102.2,102.14 1 0
github.com/jbowles/disfun/util.go:97.29,98.21 1 0
github.com/jbowles/disfun/util.go:98.21,100.4 1 0
github.com/jbowles/disfun/util.go:108.61,109.53 1 0
github.com/jbowles/disfun/util.go:109.53,111.3 1 0
github.com/jbowles/disfun/util.go:111.3,113.3 1 0
github.com/jbowles/disfun/util.go:116.27,117.11 1 1
github.com/jbowles/disfun/util.go:118.2,119.14 1 1
github.com/jbowles/disfun/util.go:120.2,121.15 1 1
github.com/jbowles/disfun/util.go:125.30,126.11 1 1
github.com/jbowles/disfun/util.go:127.2,128.14 1 1
github.com/jbowles/disfun/util.go:129.2,130.15 1 1
github.com/jbowles/disfun/util.go:134.38,136.2 1 1
github.com/jbowles/disfun/braycurtis.go:18.53,24.26 5 1
github.com/jbowles/disfun/braycurtis.go:28.2,28.26 1 1
github.com/jbowles/disfun/braycurtis.go:34.2,35.8 2 1
github.com/jbowles/disfun/braycurtis.go:24.26,25.25 1 0
github.com/jbowles/disfun/braycurtis.go:28.26,29.27 1 1
github.com/jbowles/disfun/braycurtis.go:29.27,32.4 2 1
github.com/jbowles/disfun/damerau_levenshtein.go:10.55,20.18 4 1
github.com/jbowles/disfun/damerau_levenshtein.go:24.2,24.18 1 1
github.com/jbowles/disfun/damerau_levenshtein.go:29.2,30.24 2 1
github.com/jbowles/disfun/damerau_levenshtein.go:35.2,37.20 2 1
github.com/jbowles/disfun/damerau_levenshtein.go:41.2,42.31 2 1
github.com/jbowles/disfun/damerau_levenshtein.go:54.2,54.31 1 1
github.com/jbowles/disfun/damerau_levenshtein.go:67.2,67.31 1 1
github.com/jbowles/disfun/damerau_levenshtein.go:106.2,106.37 1 1
github.com/jbowles/disfun/damerau_levenshtein.go:20.18,22.3 1 1
github.com/jbowles/disfun/damerau_levenshtein.go:24.18,26.3 1 1
github.com/jbowles/disfun/damerau_levenshtein.go:30.24,32.3 1 1
github.com/jbowles/disfun/damerau_levenshtein.go:37.20,39.3 1 1
github.com/jbowles/disfun/damerau_levenshtein.go:42.31,46.21 4 1
github.com/jbowles/disfun/damerau_levenshtein.go:51.3,51.71 1 1
github.com/jbowles/disfun/damerau_levenshtein.go:46.21,48.4 1 1
github.com/jbowles/disfun/damerau_levenshtein.go:48.4,50.4 1 1
github.com/jbowles/disfun/damerau_levenshtein.go:54.31,58.21 4 1
github.com/jbowles/disfun/damerau_levenshtein.go:64.3,64.71 1 1
github.com/jbowles/disfun/damerau_levenshtein.go:58.21,60.4 1 1
github.com/jbowles/disfun/damerau_levenshtein.go:60.4,62.4 1 1
github.com/jbowles/disfun/damerau_levenshtein.go:67.31,69.21 2 1
github.com/jbowles/disfun/damerau_levenshtein.go:75.3,75.32 1 1
github.com/jbowles/disfun/damerau_levenshtein.go:103.3,103.23 1 1
github.com/jbowles/disfun/damerau_levenshtein.go:69.21,71.4 1 1
github.com/jbowles/disfun/damerau_levenshtein.go:71.4,73.4 1 1
github.com/jbowles/disfun/damerau_levenshtein.go:75.32,81.22 6 1
github.com/jbowles/disfun/damerau_levenshtein.go:88.4,89.25 2 1
github.com/jbowles/disfun/damerau_levenshtein.go:101.4,101.92 1 1
github.com/jbowles/disfun/damerau_levenshtein.go:81.22,83.5 1 1
github.com/jbowles/disfun/damerau_levenshtein.go:83.5,85.5 1 1
github.com/jbowles/disfun/damerau_levenshtein.go:89.25,92.33 3 1
github.com/jbowles/disfun/damerau_levenshtein.go:97.5,97.55 1 1
github.com/jbowles/disfun/damerau_levenshtein.go:92.33,94.6 1 1
github.com/jbowles/disfun/damerau_levenshtein.go:94.6,96.6 1 1
github.com/jbowles/disfun/damerau_levenshtein.go:98.5,100.5 1 1
github.com/jbowles/disfun/euclidean.go:18.32,20.2 1 1
github.com/jbowles/disfun/euclidean.go:23.70,26.2 2 1
github.com/jbowles/disfun/euclidean.go:29.57,35.2 4 1
github.com/jbowles/disfun/haversine.go:7.31,7.57 1 1
github.com/jbowles/disfun/haversine.go:8.48,8.85 1 1
github.com/jbowles/disfun/haversine.go:22.74,35.2 9 1
github.com/jbowles/disfun/haversine.go:38.81,40.2 1 1
github.com/jbowles/disfun/haversine.go:43.62,45.2 1 1
github.com/jbowles/disfun/osa.go:9.47,21.27 7 1
github.com/jbowles/disfun/osa.go:25.2,25.27 1 1
github.com/jbowles/disfun/osa.go:29.2,29.27 1 1
github.com/jbowles/disfun/osa.go:53.2,55.8 2 1
github.com/jbowles/disfun/osa.go:21.27,23.3 1 1
github.com/jbowles/disfun/osa.go:25.27,27.3 1 1
github.com/jbowles/disfun/osa.go:29.27,30.28 1 1
github.com/jbowles/disfun/osa.go:30.28,31.26 1 1
github.com/jbowles/disfun/osa.go:37.4,44.24 5 1
github.com/jbowles/disfun/osa.go:49.4,49.28 1 1
github.com/jbowles/disfun/osa.go:31.26,33.5 1 1
github.com/jbowles/disfun/osa.go:33.5,35.5 1 1
github.com/jbowles/disfun/osa.go:44.24,47.5 2 1
github.com/jbowles/disfun/soundex.go:8.32,9.18 1 1
github.com/jbowles/disfun/soundex.go:14.2,25.41 7 1
github.com/jbowles/disfun/soundex.go:67.2,67.19 1 1
github.com/jbowles/disfun/soundex.go:71.2,71.12 1 1
github.com/jbowles/disfun/soundex.go:9.18,11.3 1 0
github.com/jbowles/disfun/soundex.go:25.41,26.28 1 1
github.com/jbowles/disfun/soundex.go:47.3,47.36 1 1
github.com/jbowles/disfun/soundex.go:61.3,62.13 2 1
github.com/jbowles/disfun/soundex.go:27.3,28.11 1 1
github.com/jbowles/disfun/soundex.go:29.3,30.11 1 1
github.com/jbowles/disfun/soundex.go:31.3,32.11 1 1
github.com/jbowles/disfun/soundex.go:33.3,34.11 1 1
github.com/jbowles/disfun/soundex.go:35.3,36.11 1 1
github.com/jbowles/disfun/soundex.go:37.3,38.11 1 1
github.com/jbowles/disfun/soundex.go:39.3,40.13 1 1
github.com/jbowles/disfun/soundex.go:41.3,42.10 1 1
github.com/jbowles/disfun/soundex.go:47.36,51.44 1 1
github.com/jbowles/disfun/soundex.go:56.4,56.21 1 1
github.com/jbowles/disfun/soundex.go:51.44,53.5 1 1
github.com/jbowles/disfun/soundex.go:56.21,57.10 1 1
github.com/jbowles/disfun/soundex.go:67.19,69.3 1 1
github.com/jbowles/disfun/hamming.go:9.62,14.24 3 1
github.com/jbowles/disfun/hamming.go:19.2,19.23 1 1
github.com/jbowles/disfun/hamming.go:24.2,24.8 1 1
github.com/jbowles/disfun/hamming.go:14.24,17.3 2 1
github.com/jbowles/disfun/hamming.go:19.23,20.17 1 1
github.com/jbowles/disfun/hamming.go:20.17,22.4 1 1
github.com/jbowles/disfun/jarowinkler.go:4.58,13.36 5 1
github.com/jbowles/disfun/jarowinkler.go:17.2,18.25 2 1
github.com/jbowles/disfun/jarowinkler.go:24.2,26.21 3 1
github.com/jbowles/disfun/jarowinkler.go:29.2,37.22 6 1
github.com/jbowles/disfun/jarowinkler.go:62.2,62.22 1 1
github.com/jbowles/disfun/jarowinkler.go:67.2,69.23 3 1
github.com/jbowles/disfun/jarowinkler.go:82.2,91.34 4 1
github.com/jbowles/disfun/jarowinkler.go:116.2,116.8 1 1
github.com/jbowles/disfun/jarowinkler.go:13.36,15.3 1 1
github.com/jbowles/disfun/jarowinkler.go:18.25,20.3 1 1
github.com/jbowles/disfun/jarowinkler.go:20.3,22.3 1 1
github.com/jbowles/disfun/jarowinkler.go:26.21,28.3 1 0
github.com/jbowles/disfun/jarowinkler.go:37.22,38.23 1 1
github.com/jbowles/disfun/jarowinkler.go:44.3,44.42 1 1
github.com/jbowles/disfun/jarowinkler.go:50.3,50.36 1 1
github.com/jbowles/disfun/jarowinkler.go:38.23,40.4 1 1
github.com/jbowles/disfun/jarowinkler.go:40.4,42.4 1 1
github.com/jbowles/disfun/jarowinkler.go:44.42,46.4 1 1
github.com/jbowles/disfun/jarowinkler.go:46.4,48.4 1 1
github.com/jbowles/disfun/jarowinkler.go:50.36,51.36 1 1
github.com/jbowles/disfun/jarowinkler.go:51.36,56.10 4 1
github.com/jbowles/disfun/jarowinkler.go:62.22,64.3 1 0
github.com/jbowles/disfun/jarowinkler.go:69.23,70.16 1 1
github.com/jbowles/disfun/jarowinkler.go:70.16,71.33 1 1
github.com/jbowles/disfun/jarowinkler.go:77.4,77.22 1 1
github.com/jbowles/disfun/jarowinkler.go:71.33,72.18 1 1
github.com/jbowles/disfun/jarowinkler.go:72.18,74.11 2 1
github.com/jbowles/disfun/jarowinkler.go:77.22,79.5 1 1
github.com/jbowles/disfun/jarowinkler.go:91.34,94.21 1 1
github.com/jbowles/disfun/jarowinkler.go:100.3,100.57 1 1
github.com/jbowles/disfun/jarowinkler.go:103.3,103.12 1 1
github.com/jbowles/disfun/jarowinkler.go:107.3,108.35 1 1
github.com/jbowles/disfun/jarowinkler.go:94.21,96.4 1 1
github.com/jbowles/disfun/jarowinkler.go:96.4,98.4 1 0
github.com/jbowles/disfun/jarowinkler.go:100.57,101.4 0 1
github.com/jbowles/disfun/jarowinkler.go:103.12,105.4 1 1
github.com/jbowles/disfun/jarowinkler.go:108.35,109.18 1 0
github.com/jbowles/disfun/jarowinkler.go:109.18,112.5 1 0
github.com/jbowles/disfun/jarowinkler.go:126.52,128.2 1 1
github.com/jbowles/disfun/jarowinkler.go:133.79,135.2 1 1
github.com/jbowles/disfun/phonex.go:3.38,7.26 2 1
github.com/jbowles/disfun/phonex.go:14.2,14.60 1 1
github.com/jbowles/disfun/phonex.go:20.2,20.33 1 1
github.com/jbowles/disfun/phonex.go:31.2,31.29 1 1
github.com/jbowles/disfun/phonex.go:42.2,42.26 1 1
github.com/jbowles/disfun/phonex.go:57.2,57.15 1 1
github.com/jbowles/disfun/phonex.go:7.26,8.25 1 1
github.com/jbowles/disfun/phonex.go:8.25,10.4 1 1
github.com/jbowles/disfun/phonex.go:14.60,16.3 1 1
github.com/jbowles/disfun/phonex.go:21.2,22.22 1 1
github.com/jbowles/disfun/phonex.go:23.2,24.18 1 1
github.com/jbowles/disfun/phonex.go:25.2,26.22 1 1
github.com/jbowles/disfun/phonex.go:31.29,33.3 1 1
github.com/jbowles/disfun/phonex.go:43.2,44.18 1 1
github.com/jbowles/disfun/phonex.go:45.2,46.18 1 0
github.com/jbowles/disfun/phonex.go:47.2,48.18 1 0
github.com/jbowles/disfun/phonex.go:49.2,50.18 1 1
github.com/jbowles/disfun/phonex.go:51.2,52.18 1 1
github.com/jbowles/disfun/phonex.go:53.2,54.18 1 1
github.com/jbowles/disfun/phonex.go:67.31,81.24 6 1
github.com/jbowles/disfun/phonex.go:123.2,123.22 1 1
github.com/jbowles/disfun/phonex.go:127.2,127.23 1 1
github.com/jbowles/disfun/phonex.go:81.24,82.19 1 1
github.com/jbowles/disfun/phonex.go:110.3,110.42 1 1
github.com/jbowles/disfun/phonex.go:115.3,115.13 1 1
github.com/jbowles/disfun/phonex.go:83.3,84.14 1 1
github.com/jbowles/disfun/phonex.go:85.3,86.14 1 1
github.com/jbowles/disfun/phonex.go:87.3,88.32 1 1
github.com/jbowles/disfun/phonex.go:91.3,92.55 1 1
github.com/jbowles/disfun/phonex.go:95.3,97.42 2 1
github.com/jbowles/disfun/phonex.go:101.4,101.14 1 1
github.com/jbowles/disfun/phonex.go:102.3,103.55 1 1
github.com/jbowles/disfun/phonex.go:106.3,107.12 1 1
github.com/jbowles/disfun/phonex.go:88.32,90.5 1 1
github.com/jbowles/disfun/phonex.go:92.55,94.5 1 1
github.com/jbowles/disfun/phonex.go:97.42,100.5 1 1
github.com/jbowles/disfun/phonex.go:103.55,105.5 1 1
github.com/jbowles/disfun/phonex.go:110.42,112.4 1 1
github.com/jbowles/disfun/phonex.go:115.13,118.4 2 1
github.com/jbowles/disfun/phonex.go:118.4,120.4 1 1
github.com/jbowles/disfun/phonex.go:123.22,125.3 1 1
github.com/jbowles/disfun/runestring.go:7.43,8.31 1 1
github.com/jbowles/disfun/runestring.go:8.31,10.3 1 1
github.com/jbowles/disfun/runestring.go:10.3,12.3 1 1
github.com/jbowles/disfun/runestring.go:17.61,18.56 1 1
github.com/jbowles/disfun/runestring.go:18.56,20.3 1 1
github.com/jbowles/disfun/runestring.go:20.3,22.3 1 1
github.com/jbowles/disfun/runestring.go:27.38,28.24 1 1
github.com/jbowles/disfun/runestring.go:28.24,29.29 1 1
github.com/jbowles/disfun/runestring.go:29.29,31.4 1 1
github.com/jbowles/disfun/runestring.go:36.79,38.29 2 1
github.com/jbowles/disfun/runestring.go:43.2,43.14 1 1
github.com/jbowles/disfun/runestring.go:38.29,39.21 1 1
github.com/jbowles/disfun/runestring.go:39.21,41.4 1 1
github.com/jbowles/disfun/smithwaterman.go:5.70,6.32 1 1
github.com/jbowles/disfun/smithwaterman.go:6.32,8.3 1 1
github.com/jbowles/disfun/smithwaterman.go:8.3,10.3 1 1
github.com/jbowles/disfun/smithwaterman.go:16.50,26.16 6 1
github.com/jbowles/disfun/smithwaterman.go:30.2,30.16 1 1
github.com/jbowles/disfun/smithwaterman.go:34.2,35.19 2 1
github.com/jbowles/disfun/smithwaterman.go:39.2,40.29 2 1
github.com/jbowles/disfun/smithwaterman.go:55.2,55.29 1 1
github.com/jbowles/disfun/smithwaterman.go:70.2,70.29 1 1
github.com/jbowles/disfun/smithwaterman.go:86.2,86.17 1 1
github.com/jbowles/disfun/smithwaterman.go:26.16,28.3 1 1
github.com/jbowles/disfun/smithwaterman.go:30.16,32.3 1 1
github.com/jbowles/disfun/smithwaterman.go:35.19,37.3 1 1
github.com/jbowles/disfun/smithwaterman.go:40.29,43.13 2 1
github.com/jbowles/disfun/smithwaterman.go:50.3,50.25 1 1
github.com/jbowles/disfun/smithwaterman.go:43.13,45.4 1 1
github.com/jbowles/disfun/smithwaterman.go:45.4,47.4 1 1
github.com/jbowles/disfun/smithwaterman.go:50.25,52.4 1 1
github.com/jbowles/disfun/smithwaterman.go:55.29,58.13 2 1
github.com/jbowles/disfun/smithwaterman.go:65.3,65.25 1 1
github.com/jbowles/disfun/smithwaterman.go:58.13,60.4 1 1
github.com/jbowles/disfun/smithwaterman.go:60.4,62.4 1 1
github.com/jbowles/disfun/smithwaterman.go:65.25,67.4 1 0
github.com/jbowles/disfun/smithwaterman.go:70.29,71.30 1 1
github.com/jbowles/disfun/smithwaterman.go:71.30,80.26 3 1
github.com/jbowles/disfun/smithwaterman.go:80.26,82.5 1 1
github.com/jbowles/disfun/utf8.go:32.41,34.2 1 1
github.com/jbowles/disfun/utf8.go:38.48,42.37 4 1
github.com/jbowles/disfun/utf8.go:52.2,55.10 4 1
github.com/jbowles/disfun/utf8.go:42.37,43.35 1 1
github.com/jbowles/disfun/utf8.go:43.35,49.4 4 0
github.com/jbowles/disfun/utf8.go:60.34,62.2 1 0
github.com/jbowles/disfun/utf8.go:65.34,67.2 1 1
github.com/jbowles/disfun/utf8.go:70.33,72.2 1 0
github.com/jbowles/disfun/utf8.go:75.41,77.20 1 1
github.com/jbowles/disfun/utf8.go:80.2,80.38 1 0
github.com/jbowles/disfun/utf8.go:83.2,83.12 1 0
github.com/jbowles/disfun/utf8.go:87.2,88.9 2 0
github.com/jbowles/disfun/utf8.go:97.2,97.9 1 0
github.com/jbowles/disfun/utf8.go:104.2,104.24 1 0
github.com/jbowles/disfun/utf8.go:77.20,79.3 1 1
github.com/jbowles/disfun/utf8.go:80.38,81.61 1 0
github.com/jbowles/disfun/utf8.go:83.12,85.3 1 0
github.com/jbowles/disfun/utf8.go:89.2,90.10 1 0
github.com/jbowles/disfun/utf8.go:91.2,92.19 1 0
github.com/jbowles/disfun/utf8.go:93.2,95.18 2 0
github.com/jbowles/disfun/utf8.go:98.2,99.20 1 0
github.com/jbowles/disfun/utf8.go:100.2,102.19 2 0
github.com/jbowles/disfun/utf8.go:109.32,111.20 1 1
github.com/jbowles/disfun/utf8.go:116.2,116.30 1 0
github.com/jbowles/disfun/utf8.go:120.2,124.9 2 0
github.com/jbowles/disfun/utf8.go:156.2,157.19 2 0
github.com/jbowles/disfun/utf8.go:178.2,178.13 1 0
github.com/jbowles/disfun/utf8.go:198.2,198.15 1 0
github.com/jbowles/disfun/utf8.go:111.20,113.3 1 1
github.com/jbowles/disfun/utf8.go:116.30,117.55 1 0
github.com/jbowles/disfun/utf8.go:126.2,130.16 4 0
github.com/jbowles/disfun/utf8.go:131.2,134.14 3 0
github.com/jbowles/disfun/utf8.go:135.2,137.16 2 0
github.com/jbowles/disfun/utf8.go:138.2,142.16 4 0
github.com/jbowles/disfun/utf8.go:144.2,148.16 4 0
github.com/jbowles/disfun/utf8.go:157.19,161.35 1 0
github.com/jbowles/disfun/utf8.go:161.35,164.4 1 0
github.com/jbowles/disfun/utf8.go:164.4,167.4 1 0
github.com/jbowles/disfun/utf8.go:168.3,170.45 1 0
github.com/jbowles/disfun/utf8.go:170.45,172.4 0 0
github.com/jbowles/disfun/utf8.go:172.4,176.4 2 0
github.com/jbowles/disfun/utf8.go:178.13,180.7 1 0
github.com/jbowles/disfun/utf8.go:180.7,182.22 2 0
github.com/jbowles/disfun/utf8.go:185.4,186.24 2 0
github.com/jbowles/disfun/utf8.go:182.22,183.10 1 0
github.com/jbowles/disfun/utf8.go:188.3,189.7 1 0
github.com/jbowles/disfun/utf8.go:189.7,193.22 4 0
github.com/jbowles/disfun/utf8.go:193.22,194.10 1 0
github.com/jbowles/disfun/disfun.go:18.52,20.2 1 1
github.com/jbowles/disfun/disfun.go:23.39,25.31 2 1
github.com/jbowles/disfun/disfun.go:28.2,28.43 1 1
github.com/jbowles/disfun/disfun.go:25.31,27.3 1 1
github.com/jbowles/disfun/disfun.go:33.29,35.22 2 1
github.com/jbowles/disfun/disfun.go:40.2,40.12 1 1
github.com/jbowles/disfun/disfun.go:35.22,36.14 1 1
github.com/jbowles/disfun/disfun.go:36.14,38.4 1 1
github.com/jbowles/disfun/disfun.go:45.29,47.22 2 1
github.com/jbowles/disfun/disfun.go:52.2,52.12 1 1
github.com/jbowles/disfun/disfun.go:47.22,48.14 1 1
github.com/jbowles/disfun/disfun.go:48.14,50.4 1 1
github.com/jbowles/disfun/disfun.go:57.39,59.22 2 1
github.com/jbowles/disfun/disfun.go:64.2,64.12 1 1
github.com/jbowles/disfun/disfun.go:59.22,60.14 1 1
github.com/jbowles/disfun/disfun.go:60.14,62.4 1 1
github.com/jbowles/disfun/disfun.go:69.39,71.22 2 1
github.com/jbowles/disfun/disfun.go:76.2,76.12 1 1
github.com/jbowles/disfun/disfun.go:71.22,72.14 1 1
github.com/jbowles/disfun/disfun.go:72.14,74.4 1 1
